{"/Users/michael/Desktop/mod4-final/src/main.js": {"path":"/Users/michael/Desktop/mod4-final/src/main.js","statementMap":{"0":{"start":{"line":6,"column":0},"end":{"line":6,"column":61}},"1":{"start":{"line":8,"column":0},"end":{"line":8,"column":33}},"2":{"start":{"line":10,"column":0},"end":{"line":13,"column":18}},"3":{"start":{"line":12,"column":15},"end":{"line":12,"column":21}}},"fnMap":{"0":{"name":"(anonymous_0)","decl":{"start":{"line":12,"column":10},"end":{"line":12,"column":11}},"loc":{"start":{"line":12,"column":15},"end":{"line":12,"column":21}},"line":12}},"branchMap":{},"s":{"0":1,"1":1,"2":1,"3":1},"f":{"0":1},"b":{},"_coverageSchema":"332fd63041d2c1bcb487cc26dd0d5f7d97098a6c","hash":"4df92771fc16a2ed524f9628b526499a852618ce"}
,"/Users/michael/Desktop/mod4-final/src/router.js": {"path":"/Users/michael/Desktop/mod4-final/src/router.js","statementMap":{"0":{"start":{"line":5,"column":0},"end":{"line":5,"column":16}},"1":{"start":{"line":20,"column":23},"end":{"line":20,"column":60}},"2":{"start":{"line":25,"column":23},"end":{"line":25,"column":57}},"3":{"start":{"line":30,"column":23},"end":{"line":30,"column":59}}},"fnMap":{"0":{"name":"(anonymous_0)","decl":{"start":{"line":20,"column":17},"end":{"line":20,"column":18}},"loc":{"start":{"line":20,"column":23},"end":{"line":20,"column":60}},"line":20},"1":{"name":"(anonymous_1)","decl":{"start":{"line":25,"column":17},"end":{"line":25,"column":18}},"loc":{"start":{"line":25,"column":23},"end":{"line":25,"column":57}},"line":25},"2":{"name":"(anonymous_2)","decl":{"start":{"line":30,"column":17},"end":{"line":30,"column":18}},"loc":{"start":{"line":30,"column":23},"end":{"line":30,"column":59}},"line":30}},"branchMap":{},"s":{"0":2,"1":0,"2":0,"3":0},"f":{"0":0,"1":0,"2":0},"b":{},"_coverageSchema":"332fd63041d2c1bcb487cc26dd0d5f7d97098a6c","hash":"d5c1333a168db73c0e8fd4db1279b8980af40ec7"}
,"/Users/michael/Desktop/mod4-final/src/variables.js": {"path":"/Users/michael/Desktop/mod4-final/src/variables.js","statementMap":{"0":{"start":{"line":1,"column":19},"end":{"line":1,"column":57}}},"fnMap":{},"branchMap":{},"s":{"0":3},"f":{},"b":{},"_coverageSchema":"332fd63041d2c1bcb487cc26dd0d5f7d97098a6c","hash":"06febdc2e57c0d0e275389a5f1406c7f944d52eb"}
,"/Users/michael/Desktop/mod4-final/src/components/AmericanArtists.vue": {"path":"/Users/michael/Desktop/mod4-final/src/components/AmericanArtists.vue","statementMap":{"0":{"start":{"line":27,"column":0},"end":{"line":null,"column":-1}},"1":{"start":{"line":28,"column":0},"end":{"line":null,"column":-1}},"2":{"start":{"line":32,"column":0},"end":{"line":null,"column":-1}},"3":{"start":{"line":40,"column":0},"end":{"line":null,"column":-1}},"4":{"start":{"line":41,"column":0},"end":{"line":56,"column":0}},"5":{"start":{"line":43,"column":0},"end":{"line":54,"column":0}},"6":{"start":{"line":44,"column":0},"end":{"line":null,"column":-1}},"7":{"start":{"line":45,"column":0},"end":{"line":null,"column":-1}},"8":{"start":{"line":55,"column":0},"end":{"line":null,"column":-1}},"9":{"start":{"line":56,"column":0},"end":{"line":null,"column":-1}},"10":{"start":{"line":61,"column":0},"end":{"line":64,"column":0}},"11":{"start":{"line":63,"column":0},"end":{"line":null,"column":-1}},"12":{"start":{"line":64,"column":0},"end":{"line":null,"column":-1}},"13":{"start":{"line":68,"column":0},"end":{"line":80,"column":0}},"14":{"start":{"line":70,"column":0},"end":{"line":78,"column":0}},"15":{"start":{"line":71,"column":0},"end":{"line":null,"column":-1}},"16":{"start":{"line":79,"column":0},"end":{"line":null,"column":-1}},"17":{"start":{"line":80,"column":0},"end":{"line":null,"column":-1}}},"fnMap":{"0":{"name":"(anonymous_1)","decl":{"start":{"line":39,"column":0},"end":{"line":null,"column":-1}},"loc":{"start":{"line":39,"column":0},"end":{"line":58,"column":0}}},"1":{"name":"(anonymous_2)","decl":{"start":{"line":41,"column":0},"end":{"line":null,"column":-1}},"loc":{"start":{"line":41,"column":0},"end":{"line":56,"column":0}}},"2":{"name":"(anonymous_3)","decl":{"start":{"line":43,"column":0},"end":{"line":null,"column":-1}},"loc":{"start":{"line":43,"column":0},"end":{"line":54,"column":0}}},"3":{"name":"(anonymous_4)","decl":{"start":{"line":56,"column":0},"end":{"line":null,"column":-1}},"loc":{"start":{"line":56,"column":0},"end":{"line":null,"column":-1}}},"4":{"name":"(anonymous_5)","decl":{"start":{"line":61,"column":0},"end":{"line":null,"column":-1}},"loc":{"start":{"line":61,"column":0},"end":{"line":64,"column":0}}},"5":{"name":"(anonymous_6)","decl":{"start":{"line":64,"column":0},"end":{"line":null,"column":-1}},"loc":{"start":{"line":64,"column":0},"end":{"line":null,"column":-1}}},"6":{"name":"(anonymous_7)","decl":{"start":{"line":68,"column":0},"end":{"line":null,"column":-1}},"loc":{"start":{"line":68,"column":0},"end":{"line":80,"column":0}}},"7":{"name":"(anonymous_8)","decl":{"start":{"line":70,"column":0},"end":{"line":null,"column":-1}},"loc":{"start":{"line":70,"column":0},"end":{"line":78,"column":0}}},"8":{"name":"(anonymous_9)","decl":{"start":{"line":80,"column":0},"end":{"line":null,"column":-1}},"loc":{"start":{"line":80,"column":0},"end":{"line":null,"column":-1}}}},"branchMap":{},"s":{"0":1,"1":1,"2":1,"3":0,"4":0,"5":0,"6":0,"7":0,"8":0,"9":0,"10":1,"11":0,"12":0,"13":1,"14":0,"15":0,"16":0,"17":0},"f":{"0":0,"1":0,"2":0,"3":0,"4":0,"5":0,"6":0,"7":0,"8":0},"b":{}}
,"/Users/michael/Desktop/mod4-final/src/components/DutchArtists.vue": {"path":"/Users/michael/Desktop/mod4-final/src/components/DutchArtists.vue","statementMap":{"0":{"start":{"line":25,"column":0},"end":{"line":null,"column":-1}},"1":{"start":{"line":26,"column":0},"end":{"line":null,"column":-1}},"2":{"start":{"line":30,"column":0},"end":{"line":null,"column":-1}},"3":{"start":{"line":38,"column":0},"end":{"line":null,"column":-1}},"4":{"start":{"line":39,"column":0},"end":{"line":54,"column":0}},"5":{"start":{"line":41,"column":0},"end":{"line":52,"column":0}},"6":{"start":{"line":42,"column":0},"end":{"line":null,"column":-1}},"7":{"start":{"line":43,"column":0},"end":{"line":null,"column":-1}},"8":{"start":{"line":53,"column":0},"end":{"line":null,"column":-1}},"9":{"start":{"line":54,"column":0},"end":{"line":null,"column":-1}},"10":{"start":{"line":59,"column":0},"end":{"line":62,"column":0}},"11":{"start":{"line":61,"column":0},"end":{"line":null,"column":-1}},"12":{"start":{"line":62,"column":0},"end":{"line":null,"column":-1}},"13":{"start":{"line":66,"column":0},"end":{"line":78,"column":0}},"14":{"start":{"line":68,"column":0},"end":{"line":76,"column":0}},"15":{"start":{"line":69,"column":0},"end":{"line":null,"column":-1}},"16":{"start":{"line":77,"column":0},"end":{"line":null,"column":-1}},"17":{"start":{"line":78,"column":0},"end":{"line":null,"column":-1}}},"fnMap":{"0":{"name":"(anonymous_1)","decl":{"start":{"line":37,"column":0},"end":{"line":null,"column":-1}},"loc":{"start":{"line":37,"column":0},"end":{"line":56,"column":0}}},"1":{"name":"(anonymous_2)","decl":{"start":{"line":39,"column":0},"end":{"line":null,"column":-1}},"loc":{"start":{"line":39,"column":0},"end":{"line":54,"column":0}}},"2":{"name":"(anonymous_3)","decl":{"start":{"line":41,"column":0},"end":{"line":null,"column":-1}},"loc":{"start":{"line":41,"column":0},"end":{"line":52,"column":0}}},"3":{"name":"(anonymous_4)","decl":{"start":{"line":54,"column":0},"end":{"line":null,"column":-1}},"loc":{"start":{"line":54,"column":0},"end":{"line":null,"column":-1}}},"4":{"name":"(anonymous_5)","decl":{"start":{"line":59,"column":0},"end":{"line":null,"column":-1}},"loc":{"start":{"line":59,"column":0},"end":{"line":62,"column":0}}},"5":{"name":"(anonymous_6)","decl":{"start":{"line":62,"column":0},"end":{"line":null,"column":-1}},"loc":{"start":{"line":62,"column":0},"end":{"line":null,"column":-1}}},"6":{"name":"(anonymous_7)","decl":{"start":{"line":66,"column":0},"end":{"line":null,"column":-1}},"loc":{"start":{"line":66,"column":0},"end":{"line":78,"column":0}}},"7":{"name":"(anonymous_8)","decl":{"start":{"line":68,"column":0},"end":{"line":null,"column":-1}},"loc":{"start":{"line":68,"column":0},"end":{"line":76,"column":0}}},"8":{"name":"(anonymous_9)","decl":{"start":{"line":78,"column":0},"end":{"line":null,"column":-1}},"loc":{"start":{"line":78,"column":0},"end":{"line":null,"column":-1}}}},"branchMap":{},"s":{"0":1,"1":1,"2":1,"3":0,"4":0,"5":0,"6":0,"7":0,"8":0,"9":0,"10":1,"11":0,"12":0,"13":1,"14":0,"15":0,"16":0,"17":0},"f":{"0":0,"1":0,"2":0,"3":0,"4":0,"5":0,"6":0,"7":0,"8":0},"b":{}}
,"/Users/michael/Desktop/mod4-final/src/components/SpanishArtists.vue": {"path":"/Users/michael/Desktop/mod4-final/src/components/SpanishArtists.vue","statementMap":{"0":{"start":{"line":25,"column":0},"end":{"line":null,"column":-1}},"1":{"start":{"line":26,"column":0},"end":{"line":null,"column":-1}},"2":{"start":{"line":30,"column":0},"end":{"line":null,"column":-1}},"3":{"start":{"line":38,"column":0},"end":{"line":null,"column":-1}},"4":{"start":{"line":39,"column":0},"end":{"line":54,"column":0}},"5":{"start":{"line":41,"column":0},"end":{"line":52,"column":0}},"6":{"start":{"line":42,"column":0},"end":{"line":null,"column":-1}},"7":{"start":{"line":43,"column":0},"end":{"line":null,"column":-1}},"8":{"start":{"line":53,"column":0},"end":{"line":null,"column":-1}},"9":{"start":{"line":54,"column":0},"end":{"line":null,"column":-1}},"10":{"start":{"line":59,"column":0},"end":{"line":62,"column":0}},"11":{"start":{"line":61,"column":0},"end":{"line":null,"column":-1}},"12":{"start":{"line":62,"column":0},"end":{"line":null,"column":-1}},"13":{"start":{"line":66,"column":0},"end":{"line":78,"column":0}},"14":{"start":{"line":68,"column":0},"end":{"line":76,"column":0}},"15":{"start":{"line":69,"column":0},"end":{"line":null,"column":-1}},"16":{"start":{"line":77,"column":0},"end":{"line":null,"column":-1}},"17":{"start":{"line":78,"column":0},"end":{"line":null,"column":-1}}},"fnMap":{"0":{"name":"(anonymous_1)","decl":{"start":{"line":37,"column":0},"end":{"line":null,"column":-1}},"loc":{"start":{"line":37,"column":0},"end":{"line":56,"column":0}}},"1":{"name":"(anonymous_2)","decl":{"start":{"line":39,"column":0},"end":{"line":null,"column":-1}},"loc":{"start":{"line":39,"column":0},"end":{"line":54,"column":0}}},"2":{"name":"(anonymous_3)","decl":{"start":{"line":41,"column":0},"end":{"line":null,"column":-1}},"loc":{"start":{"line":41,"column":0},"end":{"line":52,"column":0}}},"3":{"name":"(anonymous_4)","decl":{"start":{"line":54,"column":0},"end":{"line":null,"column":-1}},"loc":{"start":{"line":54,"column":0},"end":{"line":null,"column":-1}}},"4":{"name":"(anonymous_5)","decl":{"start":{"line":59,"column":0},"end":{"line":null,"column":-1}},"loc":{"start":{"line":59,"column":0},"end":{"line":62,"column":0}}},"5":{"name":"(anonymous_6)","decl":{"start":{"line":62,"column":0},"end":{"line":null,"column":-1}},"loc":{"start":{"line":62,"column":0},"end":{"line":null,"column":-1}}},"6":{"name":"(anonymous_7)","decl":{"start":{"line":66,"column":0},"end":{"line":null,"column":-1}},"loc":{"start":{"line":66,"column":0},"end":{"line":78,"column":0}}},"7":{"name":"(anonymous_8)","decl":{"start":{"line":68,"column":0},"end":{"line":null,"column":-1}},"loc":{"start":{"line":68,"column":0},"end":{"line":76,"column":0}}},"8":{"name":"(anonymous_9)","decl":{"start":{"line":78,"column":0},"end":{"line":null,"column":-1}},"loc":{"start":{"line":78,"column":0},"end":{"line":null,"column":-1}}}},"branchMap":{},"s":{"0":1,"1":1,"2":1,"3":0,"4":0,"5":0,"6":0,"7":0,"8":0,"9":0,"10":1,"11":0,"12":0,"13":1,"14":0,"15":0,"16":0,"17":0},"f":{"0":0,"1":0,"2":0,"3":0,"4":0,"5":0,"6":0,"7":0,"8":0},"b":{}}
,"/Users/michael/Desktop/mod4-final/src/services/api/AmericanArtists.js": {"path":"/Users/michael/Desktop/mod4-final/src/services/api/AmericanArtists.js","statementMap":{"0":{"start":{"line":6,"column":4},"end":{"line":10,"column":9}},"1":{"start":{"line":9,"column":8},"end":{"line":9,"column":37}}},"fnMap":{"0":{"name":"(anonymous_0)","decl":{"start":{"line":8,"column":12},"end":{"line":8,"column":13}},"loc":{"start":{"line":8,"column":24},"end":{"line":10,"column":7}},"line":8}},"branchMap":{},"s":{"0":2,"1":0},"f":{"0":0},"b":{},"_coverageSchema":"332fd63041d2c1bcb487cc26dd0d5f7d97098a6c","hash":"9109d5fa3407e63014671f44f4c3aa9a8a344955"}
,"/Users/michael/Desktop/mod4-final/src/services/api/DutchArtists.js": {"path":"/Users/michael/Desktop/mod4-final/src/services/api/DutchArtists.js","statementMap":{"0":{"start":{"line":6,"column":4},"end":{"line":10,"column":9}},"1":{"start":{"line":9,"column":8},"end":{"line":9,"column":37}}},"fnMap":{"0":{"name":"(anonymous_0)","decl":{"start":{"line":8,"column":12},"end":{"line":8,"column":13}},"loc":{"start":{"line":8,"column":24},"end":{"line":10,"column":7}},"line":8}},"branchMap":{},"s":{"0":2,"1":0},"f":{"0":0},"b":{},"_coverageSchema":"332fd63041d2c1bcb487cc26dd0d5f7d97098a6c","hash":"31a3aa16fd58ca64fade4924df6c67b4a6f5a6de"}
,"/Users/michael/Desktop/mod4-final/src/services/api/SpanishArtists.js": {"path":"/Users/michael/Desktop/mod4-final/src/services/api/SpanishArtists.js","statementMap":{"0":{"start":{"line":6,"column":4},"end":{"line":10,"column":9}},"1":{"start":{"line":9,"column":8},"end":{"line":9,"column":37}}},"fnMap":{"0":{"name":"(anonymous_0)","decl":{"start":{"line":8,"column":12},"end":{"line":8,"column":13}},"loc":{"start":{"line":8,"column":24},"end":{"line":10,"column":7}},"line":8}},"branchMap":{},"s":{"0":2,"1":0},"f":{"0":0},"b":{},"_coverageSchema":"332fd63041d2c1bcb487cc26dd0d5f7d97098a6c","hash":"563418773fd01cd8ca4fb44206fcef16ed61b6f9"}
,"/Users/michael/Desktop/mod4-final/src/services/api/SpecificArtist.js": {"path":"/Users/michael/Desktop/mod4-final/src/services/api/SpecificArtist.js","statementMap":{"0":{"start":{"line":6,"column":4},"end":{"line":12,"column":9}},"1":{"start":{"line":11,"column":8},"end":{"line":11,"column":29}}},"fnMap":{"0":{"name":"(anonymous_0)","decl":{"start":{"line":10,"column":12},"end":{"line":10,"column":13}},"loc":{"start":{"line":10,"column":24},"end":{"line":12,"column":7}},"line":10}},"branchMap":{},"s":{"0":0,"1":0},"f":{"0":0},"b":{},"_coverageSchema":"332fd63041d2c1bcb487cc26dd0d5f7d97098a6c","hash":"a2b03a875d76db0baef175bca2395bcde33eb929"}
,"/Users/michael/Desktop/mod4-final/src/views/AmericanArtists.vue": {"path":"/Users/michael/Desktop/mod4-final/src/views/AmericanArtists.vue","statementMap":{"0":{"start":{"line":8,"column":0},"end":{"line":null,"column":-1}}},"fnMap":{},"branchMap":{},"s":{"0":0},"f":{},"b":{}}
,"/Users/michael/Desktop/mod4-final/src/views/DutchArtists.vue": {"path":"/Users/michael/Desktop/mod4-final/src/views/DutchArtists.vue","statementMap":{"0":{"start":{"line":8,"column":0},"end":{"line":null,"column":-1}}},"fnMap":{},"branchMap":{},"s":{"0":0},"f":{},"b":{}}
,"/Users/michael/Desktop/mod4-final/src/views/SpanishArtists.vue": {"path":"/Users/michael/Desktop/mod4-final/src/views/SpanishArtists.vue","statementMap":{"0":{"start":{"line":8,"column":0},"end":{"line":null,"column":-1}}},"fnMap":{},"branchMap":{},"s":{"0":0},"f":{},"b":{}}
,"/Users/michael/Desktop/mod4-final/src/views/Welcome.vue": {"path":"/Users/michael/Desktop/mod4-final/src/views/Welcome.vue","statementMap":{"0":{"start":{"line":8,"column":0},"end":{"line":null,"column":-1}}},"fnMap":{},"branchMap":{},"s":{"0":2},"f":{},"b":{}}
}
