TN:
SF:/Users/michael/Desktop/mod4-final/src/main.js
FN:12,(anonymous_0)
FNF:1
FNH:1
FNDA:1,(anonymous_0)
DA:6,1
DA:8,1
DA:10,1
DA:12,1
LF:4
LH:4
BRF:0
BRH:0
end_of_record
TN:
SF:/Users/michael/Desktop/mod4-final/src/router.js
FN:20,(anonymous_0)
FN:25,(anonymous_1)
FN:30,(anonymous_2)
FNF:3
FNH:0
FNDA:0,(anonymous_0)
FNDA:0,(anonymous_1)
FNDA:0,(anonymous_2)
DA:5,2
DA:20,0
DA:25,0
DA:30,0
LF:4
LH:1
BRF:0
BRH:0
end_of_record
TN:
SF:/Users/michael/Desktop/mod4-final/src/variables.js
FNF:0
FNH:0
DA:1,3
LF:1
LH:1
BRF:0
BRH:0
end_of_record
TN:
SF:/Users/michael/Desktop/mod4-final/src/components/AmericanArtists.vue
FN:39,(anonymous_1)
FN:41,(anonymous_2)
FN:43,(anonymous_3)
FN:56,(anonymous_4)
FN:61,(anonymous_5)
FN:64,(anonymous_6)
FN:68,(anonymous_7)
FN:70,(anonymous_8)
FN:80,(anonymous_9)
FNF:9
FNH:0
FNDA:0,(anonymous_1)
FNDA:0,(anonymous_2)
FNDA:0,(anonymous_3)
FNDA:0,(anonymous_4)
FNDA:0,(anonymous_5)
FNDA:0,(anonymous_6)
FNDA:0,(anonymous_7)
FNDA:0,(anonymous_8)
FNDA:0,(anonymous_9)
DA:27,1
DA:28,1
DA:32,1
DA:40,0
DA:41,0
DA:43,0
DA:44,0
DA:45,0
DA:55,0
DA:56,0
DA:61,1
DA:63,0
DA:64,0
DA:68,1
DA:70,0
DA:71,0
DA:79,0
DA:80,0
LF:18
LH:5
BRF:0
BRH:0
end_of_record
TN:
SF:/Users/michael/Desktop/mod4-final/src/components/DutchArtists.vue
FN:37,(anonymous_1)
FN:39,(anonymous_2)
FN:41,(anonymous_3)
FN:54,(anonymous_4)
FN:59,(anonymous_5)
FN:62,(anonymous_6)
FN:66,(anonymous_7)
FN:68,(anonymous_8)
FN:78,(anonymous_9)
FNF:9
FNH:0
FNDA:0,(anonymous_1)
FNDA:0,(anonymous_2)
FNDA:0,(anonymous_3)
FNDA:0,(anonymous_4)
FNDA:0,(anonymous_5)
FNDA:0,(anonymous_6)
FNDA:0,(anonymous_7)
FNDA:0,(anonymous_8)
FNDA:0,(anonymous_9)
DA:25,1
DA:26,1
DA:30,1
DA:38,0
DA:39,0
DA:41,0
DA:42,0
DA:43,0
DA:53,0
DA:54,0
DA:59,1
DA:61,0
DA:62,0
DA:66,1
DA:68,0
DA:69,0
DA:77,0
DA:78,0
LF:18
LH:5
BRF:0
BRH:0
end_of_record
TN:
SF:/Users/michael/Desktop/mod4-final/src/components/SpanishArtists.vue
FN:37,(anonymous_1)
FN:39,(anonymous_2)
FN:41,(anonymous_3)
FN:54,(anonymous_4)
FN:59,(anonymous_5)
FN:62,(anonymous_6)
FN:66,(anonymous_7)
FN:68,(anonymous_8)
FN:78,(anonymous_9)
FNF:9
FNH:0
FNDA:0,(anonymous_1)
FNDA:0,(anonymous_2)
FNDA:0,(anonymous_3)
FNDA:0,(anonymous_4)
FNDA:0,(anonymous_5)
FNDA:0,(anonymous_6)
FNDA:0,(anonymous_7)
FNDA:0,(anonymous_8)
FNDA:0,(anonymous_9)
DA:25,1
DA:26,1
DA:30,1
DA:38,0
DA:39,0
DA:41,0
DA:42,0
DA:43,0
DA:53,0
DA:54,0
DA:59,1
DA:61,0
DA:62,0
DA:66,1
DA:68,0
DA:69,0
DA:77,0
DA:78,0
LF:18
LH:5
BRF:0
BRH:0
end_of_record
TN:
SF:/Users/michael/Desktop/mod4-final/src/services/api/AmericanArtists.js
FN:8,(anonymous_0)
FNF:1
FNH:0
FNDA:0,(anonymous_0)
DA:6,2
DA:9,0
LF:2
LH:1
BRF:0
BRH:0
end_of_record
TN:
SF:/Users/michael/Desktop/mod4-final/src/services/api/DutchArtists.js
FN:8,(anonymous_0)
FNF:1
FNH:0
FNDA:0,(anonymous_0)
DA:6,2
DA:9,0
LF:2
LH:1
BRF:0
BRH:0
end_of_record
TN:
SF:/Users/michael/Desktop/mod4-final/src/services/api/SpanishArtists.js
FN:8,(anonymous_0)
FNF:1
FNH:0
FNDA:0,(anonymous_0)
DA:6,2
DA:9,0
LF:2
LH:1
BRF:0
BRH:0
end_of_record
TN:
SF:/Users/michael/Desktop/mod4-final/src/services/api/SpecificArtist.js
FN:10,(anonymous_0)
FNF:1
FNH:0
FNDA:0,(anonymous_0)
DA:6,0
DA:11,0
LF:2
LH:0
BRF:0
BRH:0
end_of_record
TN:
SF:/Users/michael/Desktop/mod4-final/src/views/AmericanArtists.vue
FNF:0
FNH:0
DA:8,0
LF:1
LH:0
BRF:0
BRH:0
end_of_record
TN:
SF:/Users/michael/Desktop/mod4-final/src/views/DutchArtists.vue
FNF:0
FNH:0
DA:8,0
LF:1
LH:0
BRF:0
BRH:0
end_of_record
TN:
SF:/Users/michael/Desktop/mod4-final/src/views/SpanishArtists.vue
FNF:0
FNH:0
DA:8,0
LF:1
LH:0
BRF:0
BRH:0
end_of_record
TN:
SF:/Users/michael/Desktop/mod4-final/src/views/Welcome.vue
FNF:0
FNH:0
DA:8,2
LF:1
LH:1
BRF:0
BRH:0
end_of_record
